Build started 16.11.2016 21:25:19.
     1>Project "C:\Users\olesy\Desktop\the translation of growth\the translation of growth\the translation of growth.vcxproj" on node 2 (build target(s)).
     1>InitializeBuildStatus:
         Creating "Debug\the translation of growth.unsuccessfulbuild" because "AlwaysCreate" was specified.
       ClCompile:
         All outputs are up-to-date.
         C:\Program Files (x86)\Microsoft Visual Studio 10.0\VC\bin\CL.exe /c /ZI /nologo /W3 /WX- /Od /Oy- /D WIN32 /D _DEBUG /D _CONSOLE /D _UNICODE /D UNICODE /Gm /EHsc /RTC1 /MDd /GS /fp:precise /Zc:wchar_t /Zc:forScope /Yu"StdAfx.h" /Fp"Debug\the translation of growth.pch" /Fo"Debug\\" /Fd"Debug\vc100.pdb" /Gd /TP /analyze- /errorReport:prompt "the translation of growth.cpp"
         the translation of growth.cpp
     1>c:\users\olesy\desktop\the translation of growth\the translation of growth\the translation of growth.cpp(27): warning C4244: '=' : conversion from 'double' to 'float', possible loss of data
       ManifestResourceCompile:
         All outputs are up-to-date.
       Link:
         C:\Program Files (x86)\Microsoft Visual Studio 10.0\VC\bin\link.exe /ERRORREPORT:PROMPT /OUT:"C:\Users\olesy\Desktop\the translation of growth\Debug\the translation of growth.exe" /INCREMENTAL /NOLOGO kernel32.lib user32.lib gdi32.lib winspool.lib comdlg32.lib advapi32.lib shell32.lib ole32.lib oleaut32.lib uuid.lib odbc32.lib odbccp32.lib /MANIFEST /ManifestFile:"Debug\the translation of growth.exe.intermediate.manifest" /MANIFESTUAC:"level='asInvoker' uiAccess='false'" /DEBUG /PDB:"C:\Users\olesy\Desktop\the translation of growth\Debug\the translation of growth.pdb" /SUBSYSTEM:CONSOLE /TLBID:1 /DYNAMICBASE /NXCOMPAT /IMPLIB:"C:\Users\olesy\Desktop\the translation of growth\Debug\the translation of growth.lib" /MACHINE:X86 "Debug\the translation of growth.exe.embed.manifest.res"
         Debug\stdafx.obj
         "Debug\the translation of growth.obj"
       Manifest:
         C:\Program Files (x86)\Microsoft SDKs\Windows\v7.0A\bin\mt.exe /nologo /verbose /out:"Debug\the translation of growth.exe.embed.manifest" /manifest "Debug\the translation of growth.exe.intermediate.manifest"
         All outputs are up-to-date.
       LinkEmbedManifest:
         All outputs are up-to-date.
         the translation of growth.vcxproj -> C:\Users\olesy\Desktop\the translation of growth\Debug\the translation of growth.exe
       FinalizeBuildStatus:
         Deleting file "Debug\the translation of growth.unsuccessfulbuild".
         Touching "Debug\the translation of growth.lastbuildstate".
     1>Done Building Project "C:\Users\olesy\Desktop\the translation of growth\the translation of growth\the translation of growth.vcxproj" (build target(s)).

Build succeeded.

Time Elapsed 00:00:02.02
